<?xml version="1.0" encoding="UTF-8"?>
<!-- Generated by org.testng.reporters.JUnitReportReporter -->
<testsuite hostname="DESKTOP-OJNVJHP" failures="0" tests="8" name="HW3.Ex1Test.Ex1Test" time="52.501" errors="0" timestamp="2021-05-31T16:14:30 MSK" skipped="0">
  <testcase classname="HW3.Ex1Test.Ex1Test" name="runScenario" time="5.077"/>
  <system-out/>
  <testcase classname="HW3.Ex1Test.Ex1Test" name="runScenario" time="5.334"/>
  <system-out/>
  <testcase classname="HW3.Ex1Test.Ex1Test" name="runScenario" time="4.974"/>
  <system-out/>
  <testcase classname="HW3.Ex1Test.Ex1Test" name="runScenario" time="4.884"/>
  <system-out/>
  <testcase classname="HW3.Ex1Test.Ex1Test" name="runScenario" time="5.107"/>
  <system-out/>
  <testcase classname="HW3.Ex1Test.Ex1Test" name="runScenario" time="15.397"/>
  <system-out/>
  <testcase classname="HW3.Ex1Test.Ex1Test" name="runScenario" time="6.536"/>
  <system-out/>
  <testcase classname="HW3.Ex1Test.Ex1Test" name="runScenario" time="5.192"/>
  <system-out/>
</testsuite> <!-- HW3.Ex1Test.Ex1Test -->
